# JRE version: Java(TM) SE Runtime Environment (8.0_241-b07) (build 1.8.0_241-b07)
# Java VM: Java HotSpot(TM) 64-Bit Server VM (25.241-b07 mixed mode windows-amd64 compressed oops)
Heap:
 PSYoungGen      total 72192K, used 71136K [0x00000000eb200000, 0x00000000f0000000, 0x0000000100000000)
  eden space 65536K, 98% used [0x00000000eb200000,0x00000000ef0fd118,0x00000000ef200000)
  from space 6656K, 99% used [0x00000000ef980000,0x00000000efffb130,0x00000000f0000000)
  to   space 7168K, 0% used [0x00000000ef200000,0x00000000ef200000,0x00000000ef900000)
 ParOldGen       total 33280K, used 8473K [0x00000000c1600000, 0x00000000c3680000, 0x00000000eb200000)
  object space 33280K, 25% used [0x00000000c1600000,0x00000000c1e464c0,0x00000000c3680000)
 Metaspace       used 31750K, capacity 33502K, committed 33712K, reserved 1079296K
  class space    used 4140K, capacity 4473K, committed 4528K, reserved 1048576K
GC Heap History (10 events):
Event: 3.179 GC heap before
{Heap before GC invocations=5 (full 0):
 PSYoungGen      total 35328K, used 35312K [0x00000000eb200000, 0x00000000ed700000, 0x0000000100000000)
  eden space 32768K, 100% used [0x00000000eb200000,0x00000000ed200000,0x00000000ed200000)
  from space 2560K, 99% used [0x00000000ed480000,0x00000000ed6fc010,0x00000000ed700000)
  to   space 2560K, 0% used [0x00000000ed200000,0x00000000ed200000,0x00000000ed480000)
 ParOldGen       total 44032K, used 5324K [0x00000000c1600000, 0x00000000c4100000, 0x00000000eb200000)
  object space 44032K, 12% used [0x00000000c1600000,0x00000000c1b33350,0x00000000c4100000)
 Metaspace       used 18985K, capacity 19634K, committed 19840K, reserved 1067008K
  class space    used 2438K, capacity 2603K, committed 2688K, reserved 1048576K
Event: 3.197 GC heap after
Heap after GC invocations=5 (full 0):
 PSYoungGen      total 35328K, used 2529K [0x00000000eb200000, 0x00000000f0100000, 0x0000000100000000)
  eden space 32768K, 0% used [0x00000000eb200000,0x00000000eb200000,0x00000000ed200000)
  from space 2560K, 98% used [0x00000000ed200000,0x00000000ed478720,0x00000000ed480000)
  to   space 7680K, 0% used [0x00000000ef980000,0x00000000ef980000,0x00000000f0100000)
 ParOldGen       total 44032K, used 10344K [0x00000000c1600000, 0x00000000c4100000, 0x00000000eb200000)
  object space 44032K, 23% used [0x00000000c1600000,0x00000000c201a108,0x00000000c4100000)
 Metaspace       used 18985K, capacity 19634K, committed 19840K, reserved 1067008K
  class space    used 2438K, capacity 2603K, committed 2688K, reserved 1048576K
}
Event: 3.474 GC heap before
{Heap before GC invocations=6 (full 0):
 PSYoungGen      total 35328K, used 12571K [0x00000000eb200000, 0x00000000f0100000, 0x0000000100000000)
  eden space 32768K, 30% used [0x00000000eb200000,0x00000000ebbce8c0,0x00000000ed200000)
  from space 2560K, 98% used [0x00000000ed200000,0x00000000ed478720,0x00000000ed480000)
  to   space 7680K, 0% used [0x00000000ef980000,0x00000000ef980000,0x00000000f0100000)
 ParOldGen       total 44032K, used 10344K [0x00000000c1600000, 0x00000000c4100000, 0x00000000eb200000)
  object space 44032K, 23% used [0x00000000c1600000,0x00000000c201a108,0x00000000c4100000)
 Metaspace       used 20564K, capacity 21244K, committed 21296K, reserved 1067008K
  class space    used 2670K, capacity 2836K, committed 2864K, reserved 1048576K
Event: 3.483 GC heap after
Heap after GC invocations=6 (full 0):
 PSYoungGen      total 72192K, used 4093K [0x00000000eb200000, 0x00000000f0000000, 0x0000000100000000)
  eden space 65536K, 0% used [0x00000000eb200000,0x00000000eb200000,0x00000000ef200000)
  from space 6656K, 61% used [0x00000000ef980000,0x00000000efd7f4b8,0x00000000f0000000)
  to   space 7168K, 0% used [0x00000000ef200000,0x00000000ef200000,0x00000000ef900000)
 ParOldGen       total 44032K, used 10352K [0x00000000c1600000, 0x00000000c4100000, 0x00000000eb200000)
  object space 44032K, 23% used [0x00000000c1600000,0x00000000c201c108,0x00000000c4100000)
 Metaspace       used 20564K, capacity 21244K, committed 21296K, reserved 1067008K
  class space    used 2670K, capacity 2836K, committed 2864K, reserved 1048576K
}
Event: 3.483 GC heap before
{Heap before GC invocations=7 (full 1):
 PSYoungGen      total 72192K, used 4093K [0x00000000eb200000, 0x00000000f0000000, 0x0000000100000000)
  eden space 65536K, 0% used [0x00000000eb200000,0x00000000eb200000,0x00000000ef200000)
  from space 6656K, 61% used [0x00000000ef980000,0x00000000efd7f4b8,0x00000000f0000000)
  to   space 7168K, 0% used [0x00000000ef200000,0x00000000ef200000,0x00000000ef900000)
 ParOldGen       total 44032K, used 10352K [0x00000000c1600000, 0x00000000c4100000, 0x00000000eb200000)
  object space 44032K, 23% used [0x00000000c1600000,0x00000000c201c108,0x00000000c4100000)
 Metaspace       used 20564K, capacity 21244K, committed 21296K, reserved 1067008K
  class space    used 2670K, capacity 2836K, committed 2864K, reserved 1048576K
Event: 3.535 GC heap after
Heap after GC invocations=7 (full 1):
 PSYoungGen      total 72192K, used 0K [0x00000000eb200000, 0x00000000f0000000, 0x0000000100000000)
  eden space 65536K, 0% used [0x00000000eb200000,0x00000000eb200000,0x00000000ef200000)
  from space 6656K, 0% used [0x00000000ef980000,0x00000000ef980000,0x00000000f0000000)
  to   space 7168K, 0% used [0x00000000ef200000,0x00000000ef200000,0x00000000ef900000)
 ParOldGen       total 33280K, used 5623K [0x00000000c1600000, 0x00000000c3680000, 0x00000000eb200000)
  object space 33280K, 16% used [0x00000000c1600000,0x00000000c1b7dfc8,0x00000000c3680000)
 Metaspace       used 20562K, capacity 21238K, committed 21296K, reserved 1067008K
  class space    used 2669K, capacity 2835K, committed 2864K, reserved 1048576K
}
Event: 4.328 GC heap before
{Heap before GC invocations=8 (full 1):
 PSYoungGen      total 72192K, used 65536K [0x00000000eb200000, 0x00000000f0000000, 0x0000000100000000)
  eden space 65536K, 100% used [0x00000000eb200000,0x00000000ef200000,0x00000000ef200000)
  from space 6656K, 0% used [0x00000000ef980000,0x00000000ef980000,0x00000000f0000000)
  to   space 7168K, 0% used [0x00000000ef200000,0x00000000ef200000,0x00000000ef900000)
 ParOldGen       total 33280K, used 5623K [0x00000000c1600000, 0x00000000c3680000, 0x00000000eb200000)
  object space 33280K, 16% used [0x00000000c1600000,0x00000000c1b7dfc8,0x00000000c3680000)
 Metaspace       used 22225K, capacity 23110K, committed 23344K, reserved 1069056K
  class space    used 2859K, capacity 3073K, committed 3120K, reserved 1048576K
Event: 4.336 GC heap after
Heap after GC invocations=8 (full 1):
 PSYoungGen      total 72704K, used 3641K [0x00000000eb200000, 0x00000000f0000000, 0x0000000100000000)
  eden space 65536K, 0% used [0x00000000eb200000,0x00000000eb200000,0x00000000ef200000)
  from space 7168K, 50% used [0x00000000ef200000,0x00000000ef58e718,0x00000000ef900000)
  to   space 6656K, 0% used [0x00000000ef980000,0x00000000ef980000,0x00000000f0000000)
 ParOldGen       total 33280K, used 5631K [0x00000000c1600000, 0x00000000c3680000, 0x00000000eb200000)
  object space 33280K, 16% used [0x00000000c1600000,0x00000000c1b7ffc8,0x00000000c3680000)
 Metaspace       used 22225K, capacity 23110K, committed 23344K, reserved 1069056K
  class space    used 2859K, capacity 3073K, committed 3120K, reserved 1048576K
}
Event: 6.483 GC heap before
{Heap before GC invocations=9 (full 1):
 PSYoungGen      total 72704K, used 69177K [0x00000000eb200000, 0x00000000f0000000, 0x0000000100000000)
  eden space 65536K, 100% used [0x00000000eb200000,0x00000000ef200000,0x00000000ef200000)
  from space 7168K, 50% used [0x00000000ef200000,0x00000000ef58e718,0x00000000ef900000)
  to   space 6656K, 0% used [0x00000000ef980000,0x00000000ef980000,0x00000000f0000000)
 ParOldGen       total 33280K, used 5631K [0x00000000c1600000, 0x00000000c3680000, 0x00000000eb200000)
  object space 33280K, 16% used [0x00000000c1600000,0x00000000c1b7ffc8,0x00000000c3680000)
 Metaspace       used 28384K, capacity 30126K, committed 30256K, reserved 1075200K
  class space    used 3748K, capacity 4065K, committed 4144K, reserved 1048576K
Event: 6.498 GC heap after
Heap after GC invocations=9 (full 1):
 PSYoungGen      total 72192K, used 6636K [0x00000000eb200000, 0x00000000f0000000, 0x0000000100000000)
  eden space 65536K, 0% used [0x00000000eb200000,0x00000000eb200000,0x00000000ef200000)
  from space 6656K, 99% used [0x00000000ef980000,0x00000000efffb130,0x00000000f0000000)
  to   space 7168K, 0% used [0x00000000ef200000,0x00000000ef200000,0x00000000ef900000)
 ParOldGen       total 33280K, used 8473K [0x00000000c1600000, 0x00000000c3680000, 0x00000000eb200000)
  object space 33280K, 25% used [0x00000000c1600000,0x00000000c1e464c0,0x00000000c3680000)
 Metaspace       used 28384K, capacity 30126K, committed 30256K, reserved 1075200K
  class space    used 3748K, capacity 4065K, committed 4144K, reserved 1048576K
}

