# JRE version: Java(TM) SE Runtime Environment (8.0_241-b07) (build 1.8.0_241-b07)
# Java VM: Java HotSpot(TM) 64-Bit Server VM (25.241-b07 mixed mode windows-amd64 compressed oops)
Heap:
 PSYoungGen      total 137728K, used 109009K [0x00000000eb200000, 0x00000000f8200000, 0x0000000100000000)
  eden space 129024K, 84% used [0x00000000eb200000,0x00000000f1c74678,0x00000000f3000000)
  from space 8704K, 0% used [0x00000000f3000000,0x00000000f3000000,0x00000000f3880000)
  to   space 11776K, 0% used [0x00000000f7680000,0x00000000f7680000,0x00000000f8200000)
 ParOldGen       total 47616K, used 17609K [0x00000000c1600000, 0x00000000c4480000, 0x00000000eb200000)
  object space 47616K, 36% used [0x00000000c1600000,0x00000000c27325c0,0x00000000c4480000)
 Metaspace       used 43693K, capacity 45788K, committed 46080K, reserved 1089536K
  class space    used 6212K, capacity 6586K, committed 6656K, reserved 1048576K
GC Heap History (10 events):
Event: 12.925 GC heap before
{Heap before GC invocations=7 (full 0):
 PSYoungGen      total 72704K, used 14307K [0x00000000eb200000, 0x00000000f0000000, 0x0000000100000000)
  eden space 65536K, 16% used [0x00000000eb200000,0x00000000ebcd0d40,0x00000000ef200000)
  from space 7168K, 45% used [0x00000000ef900000,0x00000000efc28000,0x00000000f0000000)
  to   space 7168K, 0% used [0x00000000ef200000,0x00000000ef200000,0x00000000ef900000)
 ParOldGen       total 44032K, used 10990K [0x00000000c1600000, 0x00000000c4100000, 0x00000000eb200000)
  object space 44032K, 24% used [0x00000000c1600000,0x00000000c20bb9f0,0x00000000c4100000)
 Metaspace       used 20464K, capacity 21184K, committed 21296K, reserved 1067008K
  class space    used 2744K, capacity 2924K, committed 2944K, reserved 1048576K
Event: 12.932 GC heap after
Heap after GC invocations=7 (full 0):
 PSYoungGen      total 72704K, used 1957K [0x00000000eb200000, 0x00000000f4100000, 0x0000000100000000)
  eden space 65536K, 0% used [0x00000000eb200000,0x00000000eb200000,0x00000000ef200000)
  from space 7168K, 27% used [0x00000000ef200000,0x00000000ef3e9730,0x00000000ef900000)
  to   space 7680K, 0% used [0x00000000f3980000,0x00000000f3980000,0x00000000f4100000)
 ParOldGen       total 44032K, used 12401K [0x00000000c1600000, 0x00000000c4100000, 0x00000000eb200000)
  object space 44032K, 28% used [0x00000000c1600000,0x00000000c221c648,0x00000000c4100000)
 Metaspace       used 20464K, capacity 21184K, committed 21296K, reserved 1067008K
  class space    used 2744K, capacity 2924K, committed 2944K, reserved 1048576K
}
Event: 12.932 GC heap before
{Heap before GC invocations=8 (full 1):
 PSYoungGen      total 72704K, used 1957K [0x00000000eb200000, 0x00000000f4100000, 0x0000000100000000)
  eden space 65536K, 0% used [0x00000000eb200000,0x00000000eb200000,0x00000000ef200000)
  from space 7168K, 27% used [0x00000000ef200000,0x00000000ef3e9730,0x00000000ef900000)
  to   space 7680K, 0% used [0x00000000f3980000,0x00000000f3980000,0x00000000f4100000)
 ParOldGen       total 44032K, used 12401K [0x00000000c1600000, 0x00000000c4100000, 0x00000000eb200000)
  object space 44032K, 28% used [0x00000000c1600000,0x00000000c221c648,0x00000000c4100000)
 Metaspace       used 20464K, capacity 21184K, committed 21296K, reserved 1067008K
  class space    used 2744K, capacity 2924K, committed 2944K, reserved 1048576K
Event: 13.004 GC heap after
Heap after GC invocations=8 (full 1):
 PSYoungGen      total 72704K, used 0K [0x00000000eb200000, 0x00000000f4100000, 0x0000000100000000)
  eden space 65536K, 0% used [0x00000000eb200000,0x00000000eb200000,0x00000000ef200000)
  from space 7168K, 0% used [0x00000000ef200000,0x00000000ef200000,0x00000000ef900000)
  to   space 7680K, 0% used [0x00000000f3980000,0x00000000f3980000,0x00000000f4100000)
 ParOldGen       total 28160K, used 5672K [0x00000000c1600000, 0x00000000c3180000, 0x00000000eb200000)
  object space 28160K, 20% used [0x00000000c1600000,0x00000000c1b8a308,0x00000000c3180000)
 Metaspace       used 20463K, capacity 21178K, committed 21296K, reserved 1067008K
  class space    used 2744K, capacity 2923K, committed 2944K, reserved 1048576K
}
Event: 14.830 GC heap before
{Heap before GC invocations=9 (full 1):
 PSYoungGen      total 72704K, used 65536K [0x00000000eb200000, 0x00000000f4100000, 0x0000000100000000)
  eden space 65536K, 100% used [0x00000000eb200000,0x00000000ef200000,0x00000000ef200000)
  from space 7168K, 0% used [0x00000000ef200000,0x00000000ef200000,0x00000000ef900000)
  to   space 7680K, 0% used [0x00000000f3980000,0x00000000f3980000,0x00000000f4100000)
 ParOldGen       total 28160K, used 5672K [0x00000000c1600000, 0x00000000c3180000, 0x00000000eb200000)
  object space 28160K, 20% used [0x00000000c1600000,0x00000000c1b8a308,0x00000000c3180000)
 Metaspace       used 24716K, capacity 25886K, committed 25984K, reserved 1071104K
  class space    used 3388K, capacity 3655K, committed 3712K, reserved 1048576K
Event: 14.842 GC heap after
Heap after GC invocations=9 (full 1):
 PSYoungGen      total 132096K, used 7674K [0x00000000eb200000, 0x00000000f4100000, 0x0000000100000000)
  eden space 124416K, 0% used [0x00000000eb200000,0x00000000eb200000,0x00000000f2b80000)
  from space 7680K, 99% used [0x00000000f3980000,0x00000000f40fe8b0,0x00000000f4100000)
  to   space 8704K, 0% used [0x00000000f3000000,0x00000000f3000000,0x00000000f3880000)
 ParOldGen       total 28160K, used 5957K [0x00000000c1600000, 0x00000000c3180000, 0x00000000eb200000)
  object space 28160K, 21% used [0x00000000c1600000,0x00000000c1bd1438,0x00000000c3180000)
 Metaspace       used 24716K, capacity 25886K, committed 25984K, reserved 1071104K
  class space    used 3388K, capacity 3655K, committed 3712K, reserved 1048576K
}
Event: 17.734 GC heap before
{Heap before GC invocations=10 (full 1):
 PSYoungGen      total 132096K, used 124380K [0x00000000eb200000, 0x00000000f4100000, 0x0000000100000000)
  eden space 124416K, 93% used [0x00000000eb200000,0x00000000f23f8a80,0x00000000f2b80000)
  from space 7680K, 99% used [0x00000000f3980000,0x00000000f40fe8b0,0x00000000f4100000)
  to   space 8704K, 0% used [0x00000000f3000000,0x00000000f3000000,0x00000000f3880000)
 ParOldGen       total 28160K, used 5957K [0x00000000c1600000, 0x00000000c3180000, 0x00000000eb200000)
  object space 28160K, 21% used [0x00000000c1600000,0x00000000c1bd1438,0x00000000c3180000)
 Metaspace       used 33380K, capacity 35260K, committed 35456K, reserved 1079296K
  class space    used 4532K, capacity 4904K, committed 4992K, reserved 1048576K
Event: 17.759 GC heap after
Heap after GC invocations=10 (full 1):
 PSYoungGen      total 137728K, used 8678K [0x00000000eb200000, 0x00000000f8200000, 0x0000000100000000)
  eden space 129024K, 0% used [0x00000000eb200000,0x00000000eb200000,0x00000000f3000000)
  from space 8704K, 99% used [0x00000000f3000000,0x00000000f3879ab8,0x00000000f3880000)
  to   space 11776K, 0% used [0x00000000f7680000,0x00000000f7680000,0x00000000f8200000)
 ParOldGen       total 28160K, used 10407K [0x00000000c1600000, 0x00000000c3180000, 0x00000000eb200000)
  object space 28160K, 36% used [0x00000000c1600000,0x00000000c2029d90,0x00000000c3180000)
 Metaspace       used 33380K, capacity 35260K, committed 35456K, reserved 1079296K
  class space    used 4532K, capacity 4904K, committed 4992K, reserved 1048576K
}
Event: 17.759 GC heap before
{Heap before GC invocations=11 (full 2):
 PSYoungGen      total 137728K, used 8678K [0x00000000eb200000, 0x00000000f8200000, 0x0000000100000000)
  eden space 129024K, 0% used [0x00000000eb200000,0x00000000eb200000,0x00000000f3000000)
  from space 8704K, 99% used [0x00000000f3000000,0x00000000f3879ab8,0x00000000f3880000)
  to   space 11776K, 0% used [0x00000000f7680000,0x00000000f7680000,0x00000000f8200000)
 ParOldGen       total 28160K, used 10407K [0x00000000c1600000, 0x00000000c3180000, 0x00000000eb200000)
  object space 28160K, 36% used [0x00000000c1600000,0x00000000c2029d90,0x00000000c3180000)
 Metaspace       used 33380K, capacity 35260K, committed 35456K, reserved 1079296K
  class space    used 4532K, capacity 4904K, committed 4992K, reserved 1048576K
Event: 17.933 GC heap after
Heap after GC invocations=11 (full 2):
 PSYoungGen      total 137728K, used 0K [0x00000000eb200000, 0x00000000f8200000, 0x0000000100000000)
  eden space 129024K, 0% used [0x00000000eb200000,0x00000000eb200000,0x00000000f3000000)
  from space 8704K, 0% used [0x00000000f3000000,0x00000000f3000000,0x00000000f3880000)
  to   space 11776K, 0% used [0x00000000f7680000,0x00000000f7680000,0x00000000f8200000)
 ParOldGen       total 47616K, used 17609K [0x00000000c1600000, 0x00000000c4480000, 0x00000000eb200000)
  object space 47616K, 36% used [0x00000000c1600000,0x00000000c27325c0,0x00000000c4480000)
 Metaspace       used 33380K, capacity 35260K, committed 35456K, reserved 1079296K
  class space    used 4532K, capacity 4904K, committed 4992K, reserved 1048576K
}

